[18:52:06] [ServerMain/WARN]: Failed to add PDH Counter: \Paging File(_Total)\% Usage, Error code: 0xC0000BB8
[18:52:06] [ServerMain/WARN]: Failed to add counter for PDH counter: \Paging File(_Total)\% Usage
[18:52:06] [ServerMain/WARN]: Disabling further attempts to query Paging File.
[18:52:07] [ServerMain/WARN]: COM exception: Invalid Query: SELECT PERCENTUSAGE FROM Win32_PerfRawData_PerfOS_PagingFile
[18:52:11] [ServerMain/INFO]: Environment: Environment[sessionHost=https://sessionserver.mojang.com, servicesHost=https://api.minecraftservices.com, name=PROD]
[18:52:12] [ServerMain/INFO]: Loaded 7 recipes
[18:52:12] [ServerMain/INFO]: Loaded 1271 advancements
[18:52:13] [Server thread/INFO]: Starting minecraft server version 1.20.4
[18:52:13] [Server thread/INFO]: Loading properties
[18:52:13] [Server thread/INFO]: Default game type: SURVIVAL
[18:52:13] [Server thread/INFO]: Generating keypair
[18:52:13] [Server thread/INFO]: Starting Minecraft server on *:25565
[18:52:13] [Server thread/INFO]: Using default channel type
[18:52:14] [Server thread/INFO]: Preparing level "world"
[18:52:15] [Server thread/INFO]: Preparing start region for dimension minecraft:overworld
[18:52:18] [Worker-Main-1/INFO]: Preparing spawn area: 0%
[18:52:18] [Worker-Main-1/INFO]: Preparing spawn area: 0%
[18:52:18] [Worker-Main-1/INFO]: Preparing spawn area: 0%
[18:52:18] [Worker-Main-1/INFO]: Preparing spawn area: 0%
[18:52:18] [Worker-Main-1/INFO]: Preparing spawn area: 0%
[18:52:18] [Worker-Main-1/INFO]: Preparing spawn area: 0%
[18:52:18] [Worker-Main-11/INFO]: Preparing spawn area: 0%
[18:52:18] [Worker-Main-8/INFO]: Preparing spawn area: 41%
[18:52:19] [Server thread/INFO]: Time elapsed: 3795 ms
[18:52:19] [Server thread/INFO]: Done (5.139s)! For help, type "help"
[18:52:21] [User Authenticator #1/INFO]: UUID of player tariteur is 17d33093-0f4f-4843-b19d-829fde251698
[18:52:21] [Server thread/INFO]: tariteur[/127.0.0.1:55927] logged in with entity id 144 at (7.5, 157.0, 2.5)
[18:52:21] [Server thread/INFO]: tariteur joined the game
[21:47:33] [Server thread/WARN]: Can't keep up! Is the server overloaded? Running 10478873ms or 209577 ticks behind
[21:47:33] [Server thread/INFO]: tariteur lost connection: Timed out
[21:47:33] [Server thread/INFO]: tariteur left the game
[21:48:01] [Server thread/INFO]: Stopping server
[21:48:01] [Server thread/INFO]: Saving players
[21:48:01] [Server thread/INFO]: Saving worlds
[21:48:02] [Server thread/INFO]: Saving chunks for level 'ServerLevel[world]'/minecraft:overworld
[21:48:02] [Server thread/INFO]: Saving chunks for level 'ServerLevel[world]'/minecraft:the_end
[21:48:02] [Server thread/INFO]: Saving chunks for level 'ServerLevel[world]'/minecraft:the_nether
[21:48:02] [Server thread/INFO]: ThreadedAnvilChunkStorage (world): All chunks are saved
[21:48:02] [Server thread/INFO]: ThreadedAnvilChunkStorage (DIM1): All chunks are saved
[21:48:02] [Server thread/INFO]: ThreadedAnvilChunkStorage (DIM-1): All chunks are saved
[21:48:02] [Server thread/INFO]: ThreadedAnvilChunkStorage: All dimensions are saved
