[21:52:09] [ServerMain/WARN]: Failed to add PDH Counter: \Paging File(_Total)\% Usage, Error code: 0xC0000BB8
[21:52:09] [ServerMain/WARN]: Failed to add counter for PDH counter: \Paging File(_Total)\% Usage
[21:52:09] [ServerMain/WARN]: Disabling further attempts to query Paging File.
[21:52:09] [ServerMain/WARN]: COM exception: Invalid Query: SELECT PERCENTUSAGE FROM Win32_PerfRawData_PerfOS_PagingFile
[21:52:13] [ServerMain/INFO]: Environment: Environment[sessionHost=https://sessionserver.mojang.com, servicesHost=https://api.minecraftservices.com, name=PROD]
[21:52:14] [ServerMain/INFO]: Loaded 7 recipes
[21:52:14] [ServerMain/INFO]: Loaded 1271 advancements
[21:52:15] [Server thread/INFO]: Starting minecraft server version 1.20.4
[21:52:15] [Server thread/INFO]: Loading properties
[21:52:15] [Server thread/INFO]: Default game type: SURVIVAL
[21:52:15] [Server thread/INFO]: Generating keypair
[21:52:15] [Server thread/INFO]: Starting Minecraft server on *:25565
[21:52:15] [Server thread/INFO]: Using default channel type
[21:52:15] [Server thread/WARN]: **** SERVER IS RUNNING IN OFFLINE/INSECURE MODE!
[21:52:15] [Server thread/WARN]: The server will make no attempt to authenticate usernames. Beware.
[21:52:15] [Server thread/WARN]: While this makes the game possible to play without internet access, it also opens up the ability for hackers to connect with any username they choose.
[21:52:15] [Server thread/WARN]: To change this, set "online-mode" to "true" in the server.properties file.
[21:52:15] [Server thread/INFO]: Preparing level "world"
[21:52:17] [Server thread/INFO]: Preparing start region for dimension minecraft:overworld
[21:52:19] [Worker-Main-7/INFO]: Preparing spawn area: 0%
[21:52:19] [Worker-Main-2/INFO]: Preparing spawn area: 0%
[21:52:19] [Worker-Main-7/INFO]: Preparing spawn area: 0%
[21:52:19] [Worker-Main-2/INFO]: Preparing spawn area: 0%
[21:52:19] [Worker-Main-7/INFO]: Preparing spawn area: 0%
[21:52:19] [Worker-Main-3/INFO]: Preparing spawn area: 0%
[21:52:20] [Worker-Main-8/INFO]: Preparing spawn area: 81%
[21:52:20] [Server thread/INFO]: Time elapsed: 3097 ms
[21:52:20] [Server thread/INFO]: Done (4.296s)! For help, type "help"
[22:01:56] [Server thread/INFO]: tariteur[/127.0.0.1:56834] logged in with entity id 202 at (-25.5, 64.0, 135.5)
[22:01:56] [Server thread/INFO]: tariteur joined the game
[22:03:25] [Server thread/INFO]: tariteur was slain by Zombie
[22:03:32] [Server thread/WARN]: tariteur moved too quickly! -67.96384919635875,3.5996901036549716,-12.982795333271667
[22:04:59] [Server thread/INFO]: Made tariteur a server operator
[22:05:04] [Server thread/INFO]: Unknown game mode: 1
[22:05:04] [Server thread/INFO]: gamemode 1 @a<--[HERE]
[22:05:09] [Server thread/INFO]: tariteur was slain by Zombie
[22:05:10] [Server thread/INFO]: Unknown game mode: 
[22:05:10] [Server thread/INFO]: gamemode @a 1<--[HERE]
[22:05:21] [Server thread/WARN]: tariteur moved too quickly! -130.6109268825598,4.124431477550701,78.70113038644536
[22:05:21] [Server thread/WARN]: tariteur moved too quickly! -130.6109268825598,4.124431477550701,78.70113038644536
[22:05:21] [Server thread/WARN]: tariteur moved too quickly! -130.6109268825598,4.124431477550701,78.70113038644536
[22:05:21] [Server thread/WARN]: tariteur moved too quickly! -130.6109268825598,4.124431477550701,78.70113038644536
[22:05:21] [Server thread/WARN]: tariteur moved too quickly! -130.6109268825598,4.124431477550701,78.70113038644536
[22:05:53] [Server thread/INFO]: [tariteur: Set own game mode to Creative Mode]
[22:27:38] [Server thread/INFO]: tariteur lost connection: Disconnected
[22:27:38] [Server thread/INFO]: tariteur left the game
[22:27:43] [Server thread/INFO]: Stopping server
[22:27:43] [Server thread/INFO]: Saving players
[22:27:43] [Server thread/INFO]: Saving worlds
[22:27:44] [Server thread/INFO]: Saving chunks for level 'ServerLevel[world]'/minecraft:overworld
[22:27:44] [Server thread/INFO]: Saving chunks for level 'ServerLevel[world]'/minecraft:the_nether
[22:27:44] [Server thread/INFO]: Saving chunks for level 'ServerLevel[world]'/minecraft:the_end
[22:27:44] [Server thread/INFO]: ThreadedAnvilChunkStorage (world): All chunks are saved
[22:27:44] [Server thread/INFO]: ThreadedAnvilChunkStorage (DIM-1): All chunks are saved
[22:27:44] [Server thread/INFO]: ThreadedAnvilChunkStorage (DIM1): All chunks are saved
[22:27:44] [Server thread/INFO]: ThreadedAnvilChunkStorage: All dimensions are saved
