[17:24:57] [ServerMain/WARN]: Failed to add PDH Counter: \Paging File(_Total)\% Usage, Error code: 0xC0000BB8
[17:24:57] [ServerMain/WARN]: Failed to add counter for PDH counter: \Paging File(_Total)\% Usage
[17:24:57] [ServerMain/WARN]: Disabling further attempts to query Paging File.
[17:24:58] [ServerMain/WARN]: COM exception: Invalid Query: SELECT PERCENTUSAGE FROM Win32_PerfRawData_PerfOS_PagingFile
[17:25:01] [ServerMain/ERROR]: Failed to load properties from file: server.properties
java.nio.file.NoSuchFileException: server.properties
	at sun.nio.fs.WindowsException.translateToIOException(WindowsException.java:85) ~[?:?]
	at sun.nio.fs.WindowsException.rethrowAsIOException(WindowsException.java:103) ~[?:?]
	at sun.nio.fs.WindowsException.rethrowAsIOException(WindowsException.java:108) ~[?:?]
	at sun.nio.fs.WindowsFileSystemProvider.newByteChannel(WindowsFileSystemProvider.java:236) ~[?:?]
	at java.nio.file.Files.newByteChannel(Files.java:380) ~[?:?]
	at java.nio.file.Files.newByteChannel(Files.java:432) ~[?:?]
	at java.nio.file.spi.FileSystemProvider.newInputStream(FileSystemProvider.java:422) ~[?:?]
	at java.nio.file.Files.newInputStream(Files.java:160) ~[?:?]
	at ame.b(SourceFile:62) ~[server-1.20.4.jar:?]
	at amb.a(SourceFile:138) ~[server-1.20.4.jar:?]
	at amc.<init>(SourceFile:12) ~[server-1.20.4.jar:?]
	at net.minecraft.server.Main.main(SourceFile:112) ~[server-1.20.4.jar:?]
	at net.minecraft.bundler.Main.lambda$run$0(Main.java:54) ~[?:?]
	at java.lang.Thread.run(Thread.java:833) ~[?:?]
[17:25:01] [ServerMain/WARN]: Failed to load eula.txt
[17:25:01] [ServerMain/INFO]: You need to agree to the EULA in order to run the server. Go to eula.txt for more info.
